[prices] «агружено 476 позиций из прайса
[filter] —крыто клиентских/документных спек: 215
[startup] Unified products: 598 (19 curated + 579 raw specs)
 * Serving Flask app 'app'
 * Debug mode: on
WARNING: This is a development server. Do not use it in a production deployment. Use a production WSGI server instead.
 * Running on all addresses (0.0.0.0)
 * Running on http://127.0.0.1:5000
 * Running on http://100.80.74.202:5000
Press CTRL+C to quit
 * Restarting with stat
 * Debugger is active!
 * Debugger PIN: 101-877-125
127.0.0.1 - - [27/Apr/2026 18:14:07] "POST /design HTTP/1.1" 302 -
127.0.0.1 - - [27/Apr/2026 18:14:09] "GET /design HTTP/1.1" 200 -
127.0.0.1 - - [27/Apr/2026 18:14:26] "GET /team HTTP/1.1" 200 -
127.0.0.1 - - [27/Apr/2026 18:14:50] "POST /design HTTP/1.1" 302 -
127.0.0.1 - - [27/Apr/2026 18:14:52] "GET /design HTTP/1.1" 200 -
127.0.0.1 - - [27/Apr/2026 18:14:57] "POST /api/generate-kp HTTP/1.1" 200 -
127.0.0.1 - - [27/Apr/2026 18:15:37] "POST /api/generate-kp HTTP/1.1" 200 -
 * Detected change in 'C:\\Users\\Natalya\\Documents\\projects\\test «амесин\\verdetech-marketing\\products\\video\\transcribe.py', reloading
[prices] «агружено 476 позиций из прайса
[filter] —крыто клиентских/документных спек: 215
[startup] Unified products: 598 (19 curated + 579 raw specs)
 * Restarting with stat
 * Debugger is active!
 * Debugger PIN: 101-877-125
 * Detected change in 'C:\\Users\\Natalya\\Documents\\projects\\test «амесин\\verdetech-marketing\\products\\video\\transcribe.py', reloading
[prices] «агружено 476 позиций из прайса
[filter] —крыто клиентских/документных спек: 215
[startup] Unified products: 598 (19 curated + 579 raw specs)
 * Restarting with stat
 * Debugger is active!
 * Debugger PIN: 101-877-125
 * Detected change in 'C:\\Users\\Natalya\\Documents\\projects\\test «амесин\\verdetech-marketing\\app.py', reloading
[prices] «агружено 476 позиций из прайса
[filter] —крыто клиентских/документных спек: 215
[startup] Unified products: 598 (19 curated + 579 raw specs)
 * Restarting with stat
 * Debugger is active!
 * Debugger PIN: 101-877-125
 * Detected change in 'C:\\Users\\Natalya\\Documents\\projects\\test «амесин\\verdetech-marketing\\app.py', reloading
[prices] «агружено 476 позиций из прайса
[filter] —крыто клиентских/документных спек: 215
[startup] Unified products: 598 (19 curated + 579 raw specs)
 * Restarting with stat
 * Debugger is active!
 * Debugger PIN: 101-877-125
 * Detected change in 'C:\\Users\\Natalya\\Documents\\projects\\test «амесин\\verdetech-marketing\\app.py', reloading
[prices] «агружено 476 позиций из прайса
[filter] —крыто клиентских/документных спек: 215
[startup] Unified products: 598 (19 curated + 579 raw specs)
 * Restarting with stat
 * Debugger is active!
 * Debugger PIN: 101-877-125
 * Detected change in 'C:\\Users\\Natalya\\Documents\\projects\\test «амесин\\verdetech-marketing\\app.py', reloading
[prices] «агружено 476 позиций из прайса
[filter] —крыто клиентских/документных спек: 215
[startup] Unified products: 598 (19 curated + 579 raw specs)
 * Restarting with stat
 * Debugger is active!
 * Debugger PIN: 101-877-125
 * Detected change in 'C:\\Users\\Natalya\\Documents\\projects\\test «амесин\\verdetech-marketing\\app.py', reloading
[prices] «агружено 476 позиций из прайса
[filter] —крыто клиентских/документных спек: 215
[startup] Unified products: 598 (19 curated + 579 raw specs)
 * Restarting with stat
 * Debugger is active!
 * Debugger PIN: 101-877-125
 * Detected change in 'C:\\Users\\Natalya\\Documents\\projects\\test «амесин\\verdetech-marketing\\app.py', reloading
[prices] «агружено 476 позиций из прайса
[filter] —крыто клиентских/документных спек: 215
[startup] Unified products: 598 (19 curated + 579 raw specs)
 * Restarting with stat
 * Debugger is active!
 * Debugger PIN: 101-877-125
 * Detected change in 'C:\\Users\\Natalya\\Documents\\projects\\test «амесин\\verdetech-marketing\\app.py', reloading
[prices] «агружено 476 позиций из прайса
[filter] —крыто клиентских/документных спек: 215
[startup] Unified products: 598 (19 curated + 579 raw specs)
 * Restarting with stat
 * Debugger is active!
 * Debugger PIN: 101-877-125
 * Detected change in 'C:\\Users\\Natalya\\Documents\\projects\\test «амесин\\verdetech-marketing\\app.py', reloading
[prices] «агружено 476 позиций из прайса
[filter] —крыто клиентских/документных спек: 215
[startup] Unified products: 598 (19 curated + 579 raw specs)
 * Restarting with stat
 * Debugger is active!
 * Debugger PIN: 101-877-125
 * Detected change in 'C:\\Users\\Natalya\\Documents\\projects\\test «амесин\\verdetech-marketing\\app.py', reloading
[prices] «агружено 476 позиций из прайса
[filter] —крыто клиентских/документных спек: 215
[startup] Unified products: 598 (19 curated + 579 raw specs)
 * Restarting with stat
 * Debugger is active!
 * Debugger PIN: 101-877-125
 * Detected change in 'C:\\Users\\Natalya\\Documents\\projects\\test «амесин\\verdetech-marketing\\app.py', reloading
[prices] «агружено 476 позиций из прайса
[filter] —крыто клиентских/документных спек: 215
[startup] Unified products: 598 (19 curated + 579 raw specs)
 * Restarting with stat
 * Debugger is active!
 * Debugger PIN: 101-877-125
 * Detected change in 'C:\\Users\\Natalya\\Documents\\projects\\test «амесин\\verdetech-marketing\\app.py', reloading
[prices] «агружено 476 позиций из прайса
[filter] —крыто клиентских/документных спек: 215
[startup] Unified products: 598 (19 curated + 579 raw specs)
 * Restarting with stat
 * Debugger is active!
 * Debugger PIN: 101-877-125
 * Detected change in 'C:\\Users\\Natalya\\Documents\\projects\\test «амесин\\verdetech-marketing\\app.py', reloading
[prices] «агружено 476 позиций из прайса
[filter] —крыто клиентских/документных спек: 215
[startup] Unified products: 598 (19 curated + 579 raw specs)
 * Restarting with stat
 * Debugger is active!
 * Debugger PIN: 101-877-125
 * Detected change in 'C:\\Users\\Natalya\\Documents\\projects\\test «амесин\\verdetech-marketing\\app.py', reloading
[prices] «агружено 476 позиций из прайса
[filter] —крыто клиентских/документных спек: 215
[startup] Unified products: 598 (19 curated + 579 raw specs)
 * Restarting with stat
 * Debugger is active!
 * Debugger PIN: 101-877-125
 * Detected change in 'C:\\Users\\Natalya\\Documents\\projects\\test «амесин\\verdetech-marketing\\app.py', reloading
[prices] «агружено 476 позиций из прайса
[filter] —крыто клиентских/документных спек: 215
[startup] Unified products: 598 (19 curated + 579 raw specs)
 * Restarting with stat
 * Debugger is active!
 * Debugger PIN: 101-877-125
 * Detected change in 'C:\\Users\\Natalya\\Documents\\projects\\test «амесин\\verdetech-marketing\\app.py', reloading
[prices] «агружено 476 позиций из прайса
[filter] —крыто клиентских/документных спек: 215
[startup] Unified products: 598 (19 curated + 579 raw specs)
 * Restarting with stat
 * Debugger is active!
 * Debugger PIN: 101-877-125
 * Detected change in 'C:\\Users\\Natalya\\Documents\\projects\\test «амесин\\verdetech-marketing\\app.py', reloading
[prices] «агружено 476 позиций из прайса
[filter] —крыто клиентских/документных спек: 215
[startup] Unified products: 598 (19 curated + 579 raw specs)
 * Restarting with stat
 * Debugger is active!
 * Debugger PIN: 101-877-125
 * Detected change in 'C:\\Users\\Natalya\\Documents\\projects\\test «амесин\\verdetech-marketing\\app.py', reloading
[prices] «агружено 476 позиций из прайса
[filter] —крыто клиентских/документных спек: 215
[startup] Unified products: 598 (19 curated + 579 raw specs)
 * Restarting with stat
 * Debugger is active!
 * Debugger PIN: 101-877-125
 * Detected change in 'C:\\Users\\Natalya\\Documents\\projects\\test «амесин\\verdetech-marketing\\products_prices.py', reloading
[prices] «агружено 476 позиций из прайса
[filter] —крыто клиентских/документных спек: 215
[startup] Unified products: 598 (19 curated + 579 raw specs)
 * Restarting with stat
 * Debugger is active!
 * Debugger PIN: 101-877-125
 * Detected change in 'C:\\Users\\Natalya\\Documents\\projects\\test «амесин\\verdetech-marketing\\app.py', reloading
[prices] «агружено 476 позиций из прайса
[filter] —крыто клиентских/документных спек: 215
[startup] Unified products: 598 (19 curated + 579 raw specs)
 * Restarting with stat
 * Debugger is active!
 * Debugger PIN: 101-877-125
 * Detected change in 'C:\\Users\\Natalya\\Documents\\projects\\test «амесин\\verdetech-marketing\\app.py', reloading
[prices] «агружено 476 позиций из прайса
[filter] —крыто клиентских/документных спек: 215
[startup] Unified products: 598 (19 curated + 579 raw specs)
 * Restarting with stat
 * Debugger is active!
 * Debugger PIN: 101-877-125
 * Detected change in 'C:\\Users\\Natalya\\Documents\\projects\\test «амесин\\verdetech-marketing\\app.py', reloading
[prices] «агружено 476 позиций из прайса
[filter] —крыто клиентских/документных спек: 215
[startup] Unified products: 598 (19 curated + 579 raw specs)
 * Restarting with stat
 * Debugger is active!
 * Debugger PIN: 101-877-125
 * Detected change in 'C:\\Users\\Natalya\\Documents\\projects\\test «амесин\\verdetech-marketing\\app.py', reloading
[prices] «агружено 476 позиций из прайса
[filter] —крыто клиентских/документных спек: 215
[startup] Unified products: 598 (19 curated + 579 raw specs)
 * Restarting with stat
 * Debugger is active!
 * Debugger PIN: 101-877-125
 * Detected change in 'C:\\Users\\Natalya\\Documents\\projects\\test «амесин\\verdetech-marketing\\app.py', reloading
[prices] «агружено 476 позиций из прайса
[filter] —крыто клиентских/документных спек: 215
[startup] Unified products: 598 (19 curated + 579 raw specs)
 * Restarting with stat
 * Debugger is active!
 * Debugger PIN: 101-877-125
 * Detected change in 'C:\\Users\\Natalya\\Documents\\projects\\test «амесин\\verdetech-marketing\\app.py', reloading
[prices] «агружено 476 позиций из прайса
[filter] —крыто клиентских/документных спек: 215
[startup] Unified products: 598 (19 curated + 579 raw specs)
 * Restarting with stat
 * Debugger is active!
 * Debugger PIN: 101-877-125
 * Detected change in 'C:\\Users\\Natalya\\Documents\\projects\\test «амесин\\verdetech-marketing\\app.py', reloading
[prices] «агружено 476 позиций из прайса
[filter] —крыто клиентских/документных спек: 215
[startup] Unified products: 598 (19 curated + 579 raw specs)
 * Restarting with stat
 * Debugger is active!
 * Debugger PIN: 101-877-125
 * Detected change in 'C:\\Users\\Natalya\\Documents\\projects\\test «амесин\\verdetech-marketing\\app.py', reloading
[prices] «агружено 476 позиций из прайса
[filter] —крыто клиентских/документных спек: 215
[startup] Unified products: 598 (19 curated + 579 raw specs)
 * Restarting with stat
 * Debugger is active!
 * Debugger PIN: 101-877-125
 * Detected change in 'C:\\Users\\Natalya\\Documents\\projects\\test «амесин\\verdetech-marketing\\app.py', reloading
[prices] «агружено 476 позиций из прайса
[filter] —крыто клиентских/документных спек: 215
[startup] Unified products: 598 (19 curated + 579 raw specs)
 * Restarting with stat
 * Debugger is active!
 * Debugger PIN: 101-877-125
 * Detected change in 'C:\\Users\\Natalya\\Documents\\projects\\test «амесин\\verdetech-marketing\\app.py', reloading
[prices] «агружено 476 позиций из прайса
[filter] —крыто клиентских/документных спек: 215
[startup] Unified products: 598 (19 curated + 579 raw specs)
 * Restarting with stat
  File "C:\Users\Natalya\Documents\projects\test «амесин\verdetech-marketing\app.py", line 21
    try:
    ^^^
SyntaxError: expected 'except' or 'finally' block
